  20183288_허융차오_main.cpp
C:\Users\何哈哈丶\source\repos\20183288_허융치오\Cube.h(7,21): warning C4584: “Cube”: 基类“IUpdater”已是“RenderableObject”的基类
C:\Users\何哈哈丶\source\repos\20183288_허융치오\IUpdater.h(6): message : 参见“IUpdater”的声明
C:\Users\何哈哈丶\source\repos\20183288_허융치오\RenderableObject.h(8): message : 参见“RenderableObject”的声明
C:\Users\何哈哈丶\source\repos\20183288_허융치오\NianShou01.h(7,27): warning C4584: “NianShou01”: 基类“IUpdater”已是“RenderableObject”的基类
C:\Users\何哈哈丶\source\repos\20183288_허융치오\IUpdater.h(6): message : 参见“IUpdater”的声明
C:\Users\何哈哈丶\source\repos\20183288_허융치오\RenderableObject.h(8): message : 参见“RenderableObject”的声明
C:\Users\何哈哈丶\source\repos\20183288_허융치오\NianShou02.h(7,27): warning C4584: “NianShou02”: 基类“IUpdater”已是“RenderableObject”的基类
C:\Users\何哈哈丶\source\repos\20183288_허융치오\IUpdater.h(6): message : 参见“IUpdater”的声明
C:\Users\何哈哈丶\source\repos\20183288_허융치오\RenderableObject.h(8): message : 参见“RenderableObject”的声明
C:\Users\何哈哈丶\source\repos\20183288_허융치오\Camera.h(8,23): warning C4584: “Camera”: 基类“IUpdater”已是“NonRenderableObject”的基类
C:\Users\何哈哈丶\source\repos\20183288_허융치오\IUpdater.h(6): message : 参见“IUpdater”的声明
C:\Users\何哈哈丶\source\repos\20183288_허융치오\NonRenderableObject.h(8): message : 参见“NonRenderableObject”的声明
C:\Program Files (x86)\Windows Kits\10\Include\10.0.19041.0\shared\minwindef.h(130,1): warning C4005: “APIENTRY”: 宏重定义
C:\Users\何哈哈丶\source\repos\20183288_허융치오\include\GLFW\glfw3.h(123): message : 参见“APIENTRY”的前一个定义
  Camera.cpp
C:\Users\何哈哈丶\source\repos\20183288_허융치오\Camera.h(8,23): warning C4584: “Camera”: 基类“IUpdater”已是“NonRenderableObject”的基类
C:\Users\何哈哈丶\source\repos\20183288_허융치오\IUpdater.h(6): message : 参见“IUpdater”的声明
C:\Users\何哈哈丶\source\repos\20183288_허융치오\NonRenderableObject.h(8): message : 参见“NonRenderableObject”的声明
C:\Users\何哈哈丶\source\repos\20183288_허융치오\Camera.cpp(15,15): warning C4566: 由通用字符名称“\u00C4”表示的字符不能在当前代码页(936)中表示出来
C:\Users\何哈哈丶\source\repos\20183288_허융치오\Camera.cpp(15,15): warning C4566: 由通用字符名称“\u00AB”表示的字符不能在当前代码页(936)中表示出来
C:\Users\何哈哈丶\source\repos\20183288_허융치오\Camera.cpp(15,15): warning C4566: 由通用字符名称“\u00B8”表示的字符不能在当前代码页(936)中表示出来
C:\Users\何哈哈丶\source\repos\20183288_허융치오\Camera.cpp(15,15): warning C4566: 由通用字符名称“\u00DE”表示的字符不能在当前代码页(936)中表示出来
C:\Users\何哈哈丶\source\repos\20183288_허융치오\Camera.cpp(15,15): warning C4566: 由通用字符名称“\u00B6”表示的字符不能在当前代码页(936)中表示出来
C:\Users\何哈哈丶\source\repos\20183288_허융치오\Camera.cpp(15,15): warning C4566: 由通用字符名称“\u00BD”表示的字符不能在当前代码页(936)中表示出来
C:\Users\何哈哈丶\source\repos\20183288_허융치오\Camera.cpp(15,15): warning C4566: 由通用字符名称“\u00C7”表示的字符不能在当前代码页(936)中表示出来
  Cube.cpp
C:\Users\何哈哈丶\source\repos\20183288_허융치오\Cube.h(7,21): warning C4584: “Cube”: 基类“IUpdater”已是“RenderableObject”的基类
C:\Users\何哈哈丶\source\repos\20183288_허융치오\IUpdater.h(6): message : 参见“IUpdater”的声明
C:\Users\何哈哈丶\source\repos\20183288_허융치오\RenderableObject.h(8): message : 参见“RenderableObject”的声明
  FileManager.cpp
  MakeableObjectFucCall.cpp
  NianShou02.cpp
C:\Users\何哈哈丶\source\repos\20183288_허융치오\NianShou02.h(7,27): warning C4584: “NianShou02”: 基类“IUpdater”已是“RenderableObject”的基类
C:\Users\何哈哈丶\source\repos\20183288_허융치오\IUpdater.h(6): message : 参见“IUpdater”的声明
C:\Users\何哈哈丶\source\repos\20183288_허융치오\RenderableObject.h(8): message : 参见“RenderableObject”的声明
  NonRenderableObject.cpp
  RenderableObject.cpp
C:\Program Files (x86)\Windows Kits\10\Include\10.0.19041.0\shared\minwindef.h(130,1): warning C4005: “APIENTRY”: 宏重定义
C:\Users\何哈哈丶\source\repos\20183288_허융치오\include\GLFW\glfw3.h(123): message : 参见“APIENTRY”的前一个定义
  Renderer.cpp
C:\Users\何哈哈丶\source\repos\20183288_허융치오\Renderer.cpp(108,21): warning C4244: “初始化”: 从“double”转换到“float”，可能丢失数据
C:\Users\何哈哈丶\source\repos\20183288_허융치오\Renderer.cpp(163,16): warning C4244: “初始化”: 从“double”转换到“float”，可能丢失数据
C:\Users\何哈哈丶\source\repos\20183288_허융치오\Renderer.cpp(164,16): warning C4244: “初始化”: 从“double”转换到“float”，可能丢失数据
C:\Users\何哈哈丶\source\repos\20183288_허융치오\Renderer.cpp(165,15): warning C4244: “=”: 从“double”转换到“float”，可能丢失数据
C:\Users\何哈哈丶\source\repos\20183288_허융치오\Renderer.cpp(166,15): warning C4244: “=”: 从“double”转换到“float”，可能丢失数据
C:\Users\何哈哈丶\source\repos\20183288_허융치오\Renderer.cpp(169,26): warning C4305: “初始化”: 从“double”到“float”截断
C:\Users\何哈哈丶\source\repos\20183288_허융치오\Renderer.cpp(315,60): warning C4267: “参数”: 从“size_t”转换到“GLsizei”，可能丢失数据
  NianShou01.cpp
C:\Users\何哈哈丶\source\repos\20183288_허융치오\NianShou01.h(7,27): warning C4584: “NianShou01”: 基类“IUpdater”已是“RenderableObject”的基类
C:\Users\何哈哈丶\source\repos\20183288_허융치오\IUpdater.h(6): message : 参见“IUpdater”的声明
C:\Users\何哈哈丶\source\repos\20183288_허융치오\RenderableObject.h(8): message : 参见“RenderableObject”的声明
  Time.cpp
C:\Users\何哈哈丶\source\repos\20183288_허융치오\Time.cpp(23,22): warning C4244: “初始化”: 从“LONGLONG”转换到“double”，可能丢失数据
  正在生成代码...
LINK : warning LNK4098: 默认库“MSVCRT”与其他库的使用冲突；请使用 /NODEFAULTLIB:library
  20183288_허융치오.vcxproj -> C:\Users\何哈哈丶\source\repos\20183288_허융치오\x64\Debug\20183288_허융치오.exe
